
Compiling cpp/task-2...
========================================
Running cpp/task-2...
========================================

Numar incorect de noduri critice (1 vs 0).	Running cpp/task-2...
========================================

Numar incorect de noduri critice (1 vs 0).	Running cpp/task-2...
========================================

Numar incorect de noduri critice (1 vs 0).	Running cpp/task-2...
========================================
Running cpp/task-2...
========================================

Numar incorect de noduri critice (3 vs 0).	Running cpp/task-2...
========================================

Numar incorect de noduri critice (3 vs 0).	Running cpp/task-2...
========================================

Numar incorect de noduri critice (1680 vs 0).	Running cpp/task-2...
========================================

Numar incorect de noduri critice (66662 vs 0).	Running cpp/task-2...
========================================

Numar incorect de noduri critice (5825 vs 0).	Running cpp/task-2...
========================================

Numar incorect de noduri critice (3043 vs 0).	